<?xml version="1.0" encoding="UTF-8"?>
<!-- Generated by org.testng.reporters.JUnitXMLReporter -->
<testsuite ignored="1" hostname="DESKTOP-NPJ3Q09" failures="1" tests="1" name="ChromeTest" time="4.181" errors="0" timestamp="2025-09-26T11:06:09 IST">
  <testcase classname="Selenium_Introduction.SyncWaits.LearningWaits" name="buttonDisabled" time="0.249">
    <failure type="java.lang.AssertionError" message="expected [true] but found [false]">
      <![CDATA[java.lang.AssertionError: expected [true] but found [false]
at Selenium_Introduction.SyncWaits.LearningWaits.buttonDisabled(LearningWaits.java:64)
at java.base/java.util.ArrayList.forEach(ArrayList.java:1596)
... Removed 31 stack frames]]>
    </failure>
  </testcase> <!-- buttonDisabled -->
  <testcase classname="Selenium_Introduction.SyncWaits.LearningWaits" name="addToCartItem" time="0.0">
    <ignored/>
  </testcase> <!-- addToCartItem -->
</testsuite> <!-- ChromeTest -->
