<?xml version="1.0" encoding="UTF-8"?>
<!-- Generated by org.testng.reporters.JUnitXMLReporter -->
<testsuite ignored="1" hostname="DESKTOP-NPJ3Q09" failures="1" tests="2" name="RegressionTests" time="16.982" errors="0" timestamp="2025-10-01T12:56:38 IST">
  <testcase classname="Selenium_Introduction.SyncWaits.LearningWaits" name="buttonDisabled" time="0.283">
    <failure type="java.lang.AssertionError" message="expected [true] but found [false]">
      <![CDATA[java.lang.AssertionError: expected [true] but found [false]
at Selenium_Introduction.SyncWaits.LearningWaits.buttonDisabled(LearningWaits.java:76)
at java.base/java.util.ArrayList.forEach(ArrayList.java:1596)
... Removed 31 stack frames]]>
    </failure>
  </testcase> <!-- buttonDisabled -->
  <testcase classname="Selenium_Introduction.SyncWaits.SearchItems" name="searchItemsAndAddToCart" time="11.32"/>
  <testcase classname="Selenium_Introduction.SyncWaits.LearningWaits" name="addToCartItem" time="0.0">
    <ignored/>
  </testcase> <!-- addToCartItem -->
</testsuite> <!-- RegressionTests -->
