<?xml version="1.0" encoding="UTF-8"?>
<testng-results ignored="0" total="4" passed="3" failed="1" skipped="0">
  <reporter-output>
  </reporter-output>
  <suite started-at="2025-10-01T16:49:59 IST" name="AutomationSuite" finished-at="2025-10-01T16:50:36 IST" duration-ms="37205">
    <groups>
    </groups>
    <test started-at="2025-10-01T16:49:59 IST" name="RegressionTests" finished-at="2025-10-01T16:50:36 IST" duration-ms="37205">
      <class name="Selenium_Introduction.SyncWaits.LearningWaits">
        <test-method is-config="true" signature="driverSetup()[pri:0, instance:Selenium_Introduction.SyncWaits.LearningWaits@7fcbe147]" started-at="2025-10-01T16:49:59 IST" name="driverSetup" finished-at="2025-10-01T16:50:03 IST" duration-ms="3551" status="PASS">
          <reporter-output>
          </reporter-output>
        </test-method> <!-- driverSetup -->
        <test-method signature="buttonDisabled()[pri:1, instance:Selenium_Introduction.SyncWaits.LearningWaits@7fcbe147]" started-at="2025-10-01T16:50:03 IST" name="buttonDisabled" finished-at="2025-10-01T16:50:03 IST" duration-ms="387" status="FAIL">
          <exception class="java.lang.AssertionError">
            <message>
              <![CDATA[❌ Checkout button should be disabled expected [false] but found [true]]]>
            </message>
            <full-stacktrace>
              <![CDATA[java.lang.AssertionError: ❌ Checkout button should be disabled expected [false] but found [true]
at org.testng.Assert.fail(Assert.java:111)
at org.testng.Assert.failNotEquals(Assert.java:1590)
at org.testng.Assert.assertFalse(Assert.java:79)
at Selenium_Introduction.SyncWaits.LearningWaits.buttonDisabled(LearningWaits.java:81)
at java.base/jdk.internal.reflect.DirectMethodHandleAccessor.invoke(DirectMethodHandleAccessor.java:103)
at java.base/java.lang.reflect.Method.invoke(Method.java:580)
at org.testng.internal.invokers.MethodInvocationHelper.invokeMethod(MethodInvocationHelper.java:141)
at org.testng.internal.invokers.TestInvoker.invokeMethod(TestInvoker.java:687)
at org.testng.internal.invokers.TestInvoker.invokeTestMethod(TestInvoker.java:230)
at org.testng.internal.invokers.MethodRunner.runInSequence(MethodRunner.java:63)
at org.testng.internal.invokers.TestInvoker$MethodInvocationAgent.invoke(TestInvoker.java:995)
at org.testng.internal.invokers.TestInvoker.invokeTestMethods(TestInvoker.java:203)
at org.testng.internal.invokers.TestMethodWorker.invokeTestMethods(TestMethodWorker.java:154)
at org.testng.internal.invokers.TestMethodWorker.run(TestMethodWorker.java:134)
at java.base/java.util.ArrayList.forEach(ArrayList.java:1596)
at org.testng.TestRunner.privateRun(TestRunner.java:741)
at org.testng.TestRunner.run(TestRunner.java:616)
at org.testng.SuiteRunner.runTest(SuiteRunner.java:421)
at org.testng.SuiteRunner.runSequentially(SuiteRunner.java:413)
at org.testng.SuiteRunner.privateRun(SuiteRunner.java:373)
at org.testng.SuiteRunner.run(SuiteRunner.java:312)
at org.testng.SuiteRunnerWorker.runSuite(SuiteRunnerWorker.java:52)
at org.testng.SuiteRunnerWorker.run(SuiteRunnerWorker.java:95)
at org.testng.TestNG.runSuitesSequentially(TestNG.java:1274)
at org.testng.TestNG.runSuitesLocally(TestNG.java:1208)
at org.testng.TestNG.runSuites(TestNG.java:1112)
at org.testng.TestNG.run(TestNG.java:1079)
at org.testng.remote.AbstractRemoteTestNG.run(AbstractRemoteTestNG.java:115)
at org.testng.remote.RemoteTestNG.initAndRun(RemoteTestNG.java:293)
at org.testng.remote.RemoteTestNG.main(RemoteTestNG.java:91)
]]>
            </full-stacktrace>
          </exception> <!-- java.lang.AssertionError -->
          <reporter-output>
          </reporter-output>
        </test-method> <!-- buttonDisabled -->
        <test-method signature="addToCartItem()[pri:2, instance:Selenium_Introduction.SyncWaits.LearningWaits@7fcbe147]" started-at="2025-10-01T16:50:04 IST" name="addToCartItem" finished-at="2025-10-01T16:50:11 IST" duration-ms="7406" status="PASS">
          <reporter-output>
          </reporter-output>
        </test-method> <!-- addToCartItem -->
        <test-method is-config="true" signature="tearDown()[pri:0, instance:Selenium_Introduction.SyncWaits.LearningWaits@7fcbe147]" started-at="2025-10-01T16:50:11 IST" name="tearDown" finished-at="2025-10-01T16:50:11 IST" duration-ms="251" status="PASS">
          <reporter-output>
          </reporter-output>
        </test-method> <!-- tearDown -->
      </class> <!-- Selenium_Introduction.SyncWaits.LearningWaits -->
      <class name="Selenium_Introduction.SyncWaits.SearchItems">
        <test-method is-config="true" signature="driverSetup()[pri:0, instance:Selenium_Introduction.SyncWaits.SearchItems@649725e3]" started-at="2025-10-01T16:50:11 IST" name="driverSetup" finished-at="2025-10-01T16:50:14 IST" duration-ms="2417" status="PASS">
          <reporter-output>
          </reporter-output>
        </test-method> <!-- driverSetup -->
        <test-method signature="searchItemsAndAddToCart()[pri:1, instance:Selenium_Introduction.SyncWaits.SearchItems@649725e3]" started-at="2025-10-01T16:50:14 IST" name="searchItemsAndAddToCart" finished-at="2025-10-01T16:50:29 IST" duration-ms="15322" status="PASS">
          <reporter-output>
          </reporter-output>
        </test-method> <!-- searchItemsAndAddToCart -->
        <test-method signature="productPrice()[pri:2, instance:Selenium_Introduction.SyncWaits.SearchItems@649725e3]" started-at="2025-10-01T16:50:29 IST" name="productPrice" finished-at="2025-10-01T16:50:36 IST" duration-ms="7001" status="PASS">
          <reporter-output>
          </reporter-output>
        </test-method> <!-- productPrice -->
        <test-method is-config="true" signature="tearDown()[pri:0, instance:Selenium_Introduction.SyncWaits.SearchItems@649725e3]" started-at="2025-10-01T16:50:36 IST" name="tearDown" finished-at="2025-10-01T16:50:36 IST" duration-ms="343" status="PASS">
          <reporter-output>
          </reporter-output>
        </test-method> <!-- tearDown -->
      </class> <!-- Selenium_Introduction.SyncWaits.SearchItems -->
    </test> <!-- RegressionTests -->
  </suite> <!-- AutomationSuite -->
</testng-results>
